info: ::1 - - [19/May/2022:07:37:09 +0000] "POST /api/v1/users HTTP/1.1" 500 55 "-" "PostmanRuntime/7.29.0"

info: ::1 - - [19/May/2022:07:46:44 +0000] "POST /api/v1/users HTTP/1.1" 500 55 "-" "PostmanRuntime/7.29.0"

info: ::1 - - [19/May/2022:07:47:28 +0000] "POST /api/v1/ HTTP/1.1" 404 47 "-" "PostmanRuntime/7.29.0"

info: ::1 - - [19/May/2022:07:47:35 +0000] "POST /api/v1/users HTTP/1.1" 500 55 "-" "PostmanRuntime/7.29.0"

info: ::1 - - [19/May/2022:08:05:11 +0000] "POST /api/v1/users HTTP/1.1" 500 55 "-" "PostmanRuntime/7.29.0"

info: ::1 - - [19/May/2022:08:08:40 +0000] "POST /api/v1/users HTTP/1.1" 500 55 "-" "PostmanRuntime/7.29.0"

info: ::1 - - [19/May/2022:08:13:28 +0000] "POST /api/v1/users HTTP/1.1" 201 195 "-" "PostmanRuntime/7.29.0"

info: ::1 - - [19/May/2022:08:17:09 +0000] "POST /api/v1/users HTTP/1.1" 500 55 "-" "PostmanRuntime/7.29.0"

info: ::1 - - [19/May/2022:08:17:22 +0000] "POST /api/v1/users HTTP/1.1" 500 55 "-" "PostmanRuntime/7.29.0"

info: ::1 - - [19/May/2022:08:17:46 +0000] "POST /api/v1/users HTTP/1.1" 201 194 "-" "PostmanRuntime/7.29.0"

info: ::1 - - [19/May/2022:08:26:33 +0000] "POST /api/v1/users HTTP/1.1" 500 55 "-" "PostmanRuntime/7.29.0"

info: ::1 - - [19/May/2022:08:27:19 +0000] "POST /api/v1/users HTTP/1.1" 500 55 "-" "PostmanRuntime/7.29.0"

info: ::1 - - [19/May/2022:08:27:33 +0000] "POST /api/v1/users HTTP/1.1" 500 55 "-" "PostmanRuntime/7.29.0"

info: ::1 - - [19/May/2022:08:58:14 +0000] "POST /api/v1/users HTTP/1.1" 500 55 "-" "PostmanRuntime/7.29.0"

info: ::1 - - [19/May/2022:09:04:21 +0000] "POST /api/v1/users HTTP/1.1" 500 55 "-" "PostmanRuntime/7.29.0"

info: ::1 - - [19/May/2022:09:04:22 +0000] "POST /api/v1/users HTTP/1.1" 500 55 "-" "PostmanRuntime/7.29.0"

info: ::1 - - [19/May/2022:11:56:43 +0000] "POST /api/v1/users HTTP/1.1" 201 231 "-" "PostmanRuntime/7.29.0"

info: ::1 - - [19/May/2022:11:58:12 +0000] "POST /api/v1/users HTTP/1.1" 201 231 "-" "PostmanRuntime/7.29.0"

info: ::1 - - [19/May/2022:11:59:52 +0000] "POST /api/v1/users HTTP/1.1" 500 60 "-" "PostmanRuntime/7.29.0"

info: ::1 - - [19/May/2022:12:01:01 +0000] "POST /api/v1/users HTTP/1.1" 500 61 "-" "PostmanRuntime/7.29.0"

info: ::1 - - [19/May/2022:12:01:47 +0000] "POST /api/v1/users HTTP/1.1" 201 268 "-" "PostmanRuntime/7.29.0"

info: ::1 - - [19/May/2022:12:12:24 +0000] "POST /api/v1/users/login HTTP/1.1" 404 47 "-" "PostmanRuntime/7.29.0"

info: ::1 - - [19/May/2022:12:13:12 +0000] "POST /api/v1/users/login HTTP/1.1" 404 47 "-" "PostmanRuntime/7.29.0"

info: ::1 - - [19/May/2022:12:13:26 +0000] "GET /api/v1/users/login HTTP/1.1" 500 74 "-" "PostmanRuntime/7.29.0"

info: ::1 - - [19/May/2022:12:13:37 +0000] "PUT /api/v1/users/login HTTP/1.1" 404 47 "-" "PostmanRuntime/7.29.0"

info: ::1 - - [19/May/2022:12:44:13 +0000] "POST /api/v1/users HTTP/1.1" 201 267 "-" "PostmanRuntime/7.29.0"

info: ::1 - - [19/May/2022:13:02:12 +0000] "POST /api/v1/login HTTP/1.1" 404 47 "-" "PostmanRuntime/7.29.0"

info: ::1 - - [19/May/2022:13:13:58 +0000] "GET /api/v1/users/login HTTP/1.1" 500 56 "-" "PostmanRuntime/7.29.0"

info: ::1 - - [19/May/2022:13:14:06 +0000] "POST /api/v1/users/login HTTP/1.1" 404 47 "-" "PostmanRuntime/7.29.0"

info: ::1 - - [19/May/2022:13:16:42 +0000] "POST /api/v1/users HTTP/1.1" 201 266 "-" "PostmanRuntime/7.29.0"

info: ::1 - - [19/May/2022:13:45:56 +0000] "GET /api/v1/users/login HTTP/1.1" 500 74 "-" "PostmanRuntime/7.29.0"

info: ::1 - - [19/May/2022:13:55:34 +0000] "GET /api/v1//users/login HTTP/1.1" 500 54 "-" "PostmanRuntime/7.29.0"

info: ::1 - - [19/May/2022:13:56:35 +0000] "GET /api/v1//users/login HTTP/1.1" 500 56 "-" "PostmanRuntime/7.29.0"

info: ::1 - - [19/May/2022:13:57:54 +0000] "GET /api/v1/users/login HTTP/1.1" 500 56 "-" "PostmanRuntime/7.29.0"

info: ::1 - - [19/May/2022:13:59:43 +0000] "GET /api/v1/users/login HTTP/1.1" 500 56 "-" "PostmanRuntime/7.29.0"

info: ::1 - - [19/May/2022:14:00:27 +0000] "GET /api/v1/users/login HTTP/1.1" 500 56 "-" "PostmanRuntime/7.29.0"

info: ::1 - - [19/May/2022:14:04:07 +0000] "GET /api/v1/users/login HTTP/1.1" 500 74 "-" "PostmanRuntime/7.29.0"

info: ::1 - - [19/May/2022:14:18:18 +0000] "GET /api/v1/users/login HTTP/1.1" 500 54 "-" "PostmanRuntime/7.29.0"

info: ::1 - - [19/May/2022:14:18:40 +0000] "GET /api/v1/users/login HTTP/1.1" 500 54 "-" "PostmanRuntime/7.29.0"

info: ::1 - - [19/May/2022:14:20:56 +0000] "GET /api/v1/users/login HTTP/1.1" 500 54 "-" "PostmanRuntime/7.29.0"

info: ::1 - - [19/May/2022:14:27:46 +0000] "GET /api/v1/ HTTP/1.1" 200 9 "-" "PostmanRuntime/7.29.0"

info: ::1 - - [19/May/2022:14:28:21 +0000] "GET /api/v1/users HTTP/1.1" 404 47 "-" "PostmanRuntime/7.29.0"

info: ::1 - - [19/May/2022:14:29:37 +0000] "GET /api/v1/users HTTP/1.1" 404 47 "-" "PostmanRuntime/7.29.0"

info: ::1 - - [19/May/2022:14:29:55 +0000] "GET /api/v1/users HTTP/1.1" 404 47 "-" "PostmanRuntime/7.29.0"

info: ::1 - - [19/May/2022:14:39:51 +0000] "GET /api/v1/users/alldata HTTP/1.1" 500 76 "-" "PostmanRuntime/7.29.0"

info: ::1 - - [19/May/2022:14:41:34 +0000] "GET /api/v1/users/alldata HTTP/1.1" 200 694 "-" "PostmanRuntime/7.29.0"

info: ::1 - - [19/May/2022:14:44:54 +0000] "GET /api/v1/users/login HTTP/1.1" 200 692 "-" "PostmanRuntime/7.29.0"

info: ::1 - - [19/May/2022:14:46:24 +0000] "GET /api/v1/users/login HTTP/1.1" 200 692 "-" "PostmanRuntime/7.29.0"

info: ::1 - - [19/May/2022:14:46:41 +0000] "GET /api/v1/users/login HTTP/1.1" 200 692 "-" "PostmanRuntime/7.29.0"

info: ::1 - - [19/May/2022:14:48:27 +0000] "GET /api/v1/users/login HTTP/1.1" 200 692 "-" "PostmanRuntime/7.29.0"

info: ::1 - - [19/May/2022:14:50:48 +0000] "GET /api/v1/users/login HTTP/1.1" 500 58 "-" "PostmanRuntime/7.29.0"

info: ::1 - - [19/May/2022:14:51:01 +0000] "GET /api/v1/users/login HTTP/1.1" 500 58 "-" "PostmanRuntime/7.29.0"

info: ::1 - - [19/May/2022:14:52:16 +0000] "GET /api/v1/users/login HTTP/1.1" 500 58 "-" "PostmanRuntime/7.29.0"

info: ::1 - - [19/May/2022:14:52:18 +0000] "GET /api/v1/users/login HTTP/1.1" 500 58 "-" "PostmanRuntime/7.29.0"

info: ::1 - - [19/May/2022:14:52:47 +0000] "GET /api/v1/users HTTP/1.1" 500 58 "-" "PostmanRuntime/7.29.0"

