info: ::1 - - [20/May/2022:01:49:52 +0000] "GET /api/v1/users/login HTTP/1.1" 500 54 "-" "PostmanRuntime/7.29.0"

info: ::1 - - [20/May/2022:01:50:04 +0000] "GET /api/v1/users/login HTTP/1.1" 500 54 "-" "PostmanRuntime/7.29.0"

info: ::1 - - [20/May/2022:01:51:57 +0000] "GET /api/v1/users/login HTTP/1.1" 500 54 "-" "PostmanRuntime/7.29.0"

info: ::1 - - [20/May/2022:02:31:39 +0000] "GET /api/v1/users/login HTTP/1.1" 200 273 "-" "PostmanRuntime/7.29.0"

info: ::1 - - [20/May/2022:03:12:07 +0000] "GET /api/v1/users/login HTTP/1.1" 200 692 "-" "PostmanRuntime/7.29.0"

info: ::1 - - [20/May/2022:03:12:36 +0000] "GET /api/v1/users/login HTTP/1.1" 200 273 "-" "PostmanRuntime/7.29.0"

info: ::1 - - [20/May/2022:03:13:22 +0000] "GET /api/v1/users/login HTTP/1.1" 200 63 "-" "PostmanRuntime/7.29.0"

info: ::1 - - [20/May/2022:03:13:31 +0000] "GET /api/v1/users/login HTTP/1.1" 200 273 "-" "PostmanRuntime/7.29.0"

info: ::1 - - [20/May/2022:03:13:44 +0000] "GET /api/v1/users/login HTTP/1.1" 200 63 "-" "PostmanRuntime/7.29.0"

info: ::1 - - [20/May/2022:03:13:50 +0000] "GET /api/v1/users/login HTTP/1.1" 200 273 "-" "PostmanRuntime/7.29.0"

info: ::1 - - [20/May/2022:04:06:24 +0000] "POST /api/v1/users HTTP/1.1" 500 72 "-" "PostmanRuntime/7.29.0"

info: ::1 - - [20/May/2022:04:07:23 +0000] "POST /api/v1/users HTTP/1.1" 201 265 "-" "PostmanRuntime/7.29.0"

info: ::1 - - [20/May/2022:04:13:05 +0000] "POST /api/v1/users HTTP/1.1" 500 61 "-" "PostmanRuntime/7.29.0"

info: ::1 - - [20/May/2022:04:13:54 +0000] "POST /api/v1/users HTTP/1.1" 201 265 "-" "PostmanRuntime/7.29.0"

info: ::1 - - [20/May/2022:04:15:43 +0000] "POST /api/v1/users HTTP/1.1" 201 265 "-" "PostmanRuntime/7.29.0"

info: ::1 - - [20/May/2022:04:20:16 +0000] "POST /api/v1/users HTTP/1.1" 201 50 "-" "PostmanRuntime/7.29.0"

info: ::1 - - [20/May/2022:04:21:28 +0000] "POST /api/v1/users HTTP/1.1" 201 50 "-" "PostmanRuntime/7.29.0"

info: ::1 - - [20/May/2022:04:21:51 +0000] "POST /api/v1/users HTTP/1.1" 201 50 "-" "PostmanRuntime/7.29.0"

info: ::1 - - [20/May/2022:04:24:59 +0000] "POST /api/v1/users HTTP/1.1" 201 50 "-" "PostmanRuntime/7.29.0"

info: ::1 - - [20/May/2022:04:25:49 +0000] "POST /api/v1/users HTTP/1.1" 201 50 "-" "PostmanRuntime/7.29.0"

info: ::1 - - [20/May/2022:04:33:58 +0000] "POST /api/v1/users HTTP/1.1" 500 59 "-" "PostmanRuntime/7.29.0"

info: ::1 - - [20/May/2022:04:34:59 +0000] "POST /api/v1/users HTTP/1.1" 201 319 "-" "PostmanRuntime/7.29.0"

info: ::1 - - [20/May/2022:08:40:45 +0000] "GET /api/v1/users HTTP/1.1" 404 47 "-" "PostmanRuntime/7.29.0"

info: ::1 - - [20/May/2022:08:40:54 +0000] "GET /api/v1/users/login HTTP/1.1" 500 59 "-" "PostmanRuntime/7.29.0"

info: ::1 - - [20/May/2022:08:41:09 +0000] "GET /api/v1/users/login HTTP/1.1" 500 56 "-" "PostmanRuntime/7.29.0"

info: ::1 - - [20/May/2022:08:41:22 +0000] "GET /api/v1/users/login HTTP/1.1" 500 58 "-" "PostmanRuntime/7.29.0"

info: ::1 - - [20/May/2022:08:46:05 +0000] "GET /api/v1/users/login HTTP/1.1" 500 59 "-" "PostmanRuntime/7.29.0"

info: ::1 - - [20/May/2022:08:47:27 +0000] "GET /api/v1/users/login HTTP/1.1" 500 59 "-" "PostmanRuntime/7.29.0"

info: ::1 - - [20/May/2022:08:48:00 +0000] "GET /api/v1/users/login HTTP/1.1" 500 59 "-" "PostmanRuntime/7.29.0"

info: ::1 - - [20/May/2022:08:48:57 +0000] "GET /api/v1/users/login HTTP/1.1" 500 59 "-" "PostmanRuntime/7.29.0"

info: ::1 - - [20/May/2022:08:51:51 +0000] "GET /api/v1/users/login HTTP/1.1" 500 59 "-" "PostmanRuntime/7.29.0"

info: ::1 - - [20/May/2022:08:51:53 +0000] "GET /api/v1/users/login HTTP/1.1" 500 59 "-" "PostmanRuntime/7.29.0"

info: ::1 - - [20/May/2022:08:53:40 +0000] "GET /api/v1/users/login HTTP/1.1" 500 59 "-" "PostmanRuntime/7.29.0"

info: ::1 - - [20/May/2022:08:54:18 +0000] "GET /api/v1/users/login HTTP/1.1" 500 59 "-" "PostmanRuntime/7.29.0"

info: ::1 - - [20/May/2022:08:55:13 +0000] "GET /api/v1/users/ HTTP/1.1" 404 47 "-" "PostmanRuntime/7.29.0"

info: ::1 - - [20/May/2022:08:56:41 +0000] "GET /api/v1/users/ HTTP/1.1" 404 47 "-" "PostmanRuntime/7.29.0"

info: ::1 - - [20/May/2022:08:58:09 +0000] "POST /api/v1/users/ HTTP/1.1" 500 60 "-" "PostmanRuntime/7.29.0"

info: ::1 - - [20/May/2022:08:58:44 +0000] "POST /api/v1/users/ HTTP/1.1" 201 323 "-" "PostmanRuntime/7.29.0"

info: ::1 - - [20/May/2022:09:09:59 +0000] "GET /api/v1/users/ HTTP/1.1" 404 47 "-" "PostmanRuntime/7.29.0"

info: ::1 - - [20/May/2022:09:10:44 +0000] "GET /api/v1/users/ HTTP/1.1" 404 47 "-" "PostmanRuntime/7.29.0"

info: ::1 - - [20/May/2022:09:11:09 +0000] "GET /api/v1/users/ HTTP/1.1" 404 47 "-" "PostmanRuntime/7.29.0"

info: ::1 - - [20/May/2022:12:09:20 +0000] "GET /api/v1/users/ HTTP/1.1" 404 47 "-" "PostmanRuntime/7.29.0"

info: ::1 - - [20/May/2022:12:09:47 +0000] "GET /api/v1/users/ HTTP/1.1" 404 47 "-" "PostmanRuntime/7.29.0"

info: ::1 - - [20/May/2022:12:09:58 +0000] "GET /api/v1/users/login HTTP/1.1" 500 58 "-" "PostmanRuntime/7.29.0"

info: ::1 - - [20/May/2022:12:10:51 +0000] "GET /api/v1/users/login HTTP/1.1" 500 53 "-" "PostmanRuntime/7.29.0"

info: ::1 - - [20/May/2022:12:18:50 +0000] "GET /api/v1/users/login HTTP/1.1" 500 112 "-" "PostmanRuntime/7.29.0"

info: ::1 - - [20/May/2022:12:19:23 +0000] "GET /api/v1/users/login HTTP/1.1" 500 53 "-" "PostmanRuntime/7.29.0"

