info: ::1 - - [31/May/2022:03:29:41 +0000] "GET /api/v1/users/login HTTP/1.1" 200 248 "-" "PostmanRuntime/7.29.0"

info: ::1 - - [31/May/2022:06:30:52 +0000] "POST /api/v1/notes HTTP/1.1" 500 75 "-" "PostmanRuntime/7.29.0"

info: ::1 - - [31/May/2022:06:32:00 +0000] "POST /api/v1/notes HTTP/1.1" 500 54 "-" "PostmanRuntime/7.29.0"

info: ::1 - - [31/May/2022:06:32:17 +0000] "POST /api/v1/notes HTTP/1.1" 500 54 "-" "PostmanRuntime/7.29.0"

info: ::1 - - [31/May/2022:06:37:13 +0000] "POST /api/v1/notes HTTP/1.1" 500 54 "-" "PostmanRuntime/7.29.0"

info: ::1 - - [31/May/2022:06:40:28 +0000] "POST /api/v1/notes HTTP/1.1" 500 54 "-" "PostmanRuntime/7.29.0"

info: ::1 - - [31/May/2022:07:04:33 +0000] "POST /api/v1/notes HTTP/1.1" 500 54 "-" "PostmanRuntime/7.29.0"

info: ::1 - - [31/May/2022:07:06:27 +0000] "POST /api/v1/ HTTP/1.1" 404 47 "-" "PostmanRuntime/7.29.0"

info: ::1 - - [31/May/2022:07:06:53 +0000] "POST /api/v1/notes HTTP/1.1" 500 54 "-" "PostmanRuntime/7.29.0"

info: ::1 - - [31/May/2022:07:09:15 +0000] "POST /api/v1/notes HTTP/1.1" 500 54 "-" "PostmanRuntime/7.29.0"

info: ::1 - - [31/May/2022:07:12:04 +0000] "POST /api/v1/ HTTP/1.1" 404 47 "-" "PostmanRuntime/7.29.0"

info: ::1 - - [31/May/2022:07:12:12 +0000] "GET /api/v1/ HTTP/1.1" 200 9 "-" "PostmanRuntime/7.29.0"

info: ::1 - - [31/May/2022:07:13:05 +0000] "POST /api/v1/notes/create HTTP/1.1" 500 54 "-" "PostmanRuntime/7.29.0"

info: ::1 - - [31/May/2022:07:24:09 +0000] "POST /api/v1/notes HTTP/1.1" 500 54 "-" "PostmanRuntime/7.29.0"

info: ::1 - - [31/May/2022:07:25:21 +0000] "POST /api/v1/notes HTTP/1.1" 500 54 "-" "PostmanRuntime/7.29.0"

info: ::1 - - [31/May/2022:07:27:52 +0000] "POST /api/v1/notes HTTP/1.1" 500 54 "-" "PostmanRuntime/7.29.0"

info: ::1 - - [31/May/2022:07:27:57 +0000] "POST /api/v1/note HTTP/1.1" 404 47 "-" "PostmanRuntime/7.29.0"

info: ::1 - - [31/May/2022:07:28:02 +0000] "POST /api/v1/notes HTTP/1.1" 500 54 "-" "PostmanRuntime/7.29.0"

info: ::1 - - [31/May/2022:07:29:42 +0000] "POST /api/v1/notes HTTP/1.1" 500 54 "-" "PostmanRuntime/7.29.0"

info: ::1 - - [31/May/2022:07:33:42 +0000] "POST /api/v1/notes HTTP/1.1" 500 53 "-" "PostmanRuntime/7.29.0"

info: ::1 - - [31/May/2022:07:34:34 +0000] "POST /api/v1/notes HTTP/1.1" 500 54 "-" "PostmanRuntime/7.29.0"

info: ::1 - - [31/May/2022:07:57:59 +0000] "POST /api/v1/notes HTTP/1.1" 500 54 "-" "PostmanRuntime/7.29.0"

info: ::1 - - [31/May/2022:07:58:40 +0000] "POST /api/v1/notes HTTP/1.1" 500 54 "-" "PostmanRuntime/7.29.0"

info: ::1 - - [31/May/2022:08:02:43 +0000] "POST /api/v1/notes HTTP/1.1" 500 54 "-" "PostmanRuntime/7.29.0"

info: ::1 - - [31/May/2022:14:37:04 +0000] "POST /api/v1/notes HTTP/1.1" 200 230 "-" "PostmanRuntime/7.29.0"

info: ::1 - - [31/May/2022:14:38:38 +0000] "POST /api/v1/notes HTTP/1.1" 200 192 "-" "PostmanRuntime/7.29.0"

info: ::1 - - [31/May/2022:14:39:54 +0000] "POST /api/v1/notes HTTP/1.1" 200 192 "-" "PostmanRuntime/7.29.0"

info: ::1 - - [31/May/2022:14:40:33 +0000] "POST /api/v1/notes HTTP/1.1" 200 239 "-" "PostmanRuntime/7.29.0"

info: ::1 - - [31/May/2022:14:41:18 +0000] "POST /api/v1/notes HTTP/1.1" 200 256 "-" "PostmanRuntime/7.29.0"

info: ::1 - - [31/May/2022:14:41:25 +0000] "GET /api/v1/notes HTTP/1.1" 200 884 "-" "PostmanRuntime/7.29.0"

info: ::1 - - [31/May/2022:14:41:39 +0000] "GET /api/v1/notes HTTP/1.1" 200 884 "-" "PostmanRuntime/7.29.0"

info: ::1 - - [31/May/2022:14:44:25 +0000] "GET /api/v1/notes HTTP/1.1" 200 438 "-" "PostmanRuntime/7.29.0"

info: ::1 - - [31/May/2022:14:45:25 +0000] "GET /api/v1/notes/629628e1cdcfe3097c955dc8 HTTP/1.1" 200 236 "-" "PostmanRuntime/7.29.0"

info: ::1 - - [31/May/2022:14:46:04 +0000] "PUT /api/v1/notes/629628e1cdcfe3097c955dc8 HTTP/1.1" 500 53 "-" "PostmanRuntime/7.29.0"

info: ::1 - - [31/May/2022:14:46:56 +0000] "PUT /api/v1/notes/629628e1cdcfe3097c955dc8 HTTP/1.1" 500 54 "-" "PostmanRuntime/7.29.0"

info: ::1 - - [31/May/2022:14:48:07 +0000] "PUT /api/v1/notes/629628e1cdcfe3097c955dc8 HTTP/1.1" 500 156 "-" "PostmanRuntime/7.29.0"

info: ::1 - - [31/May/2022:14:49:02 +0000] "PUT /api/v1/notes/629628e1cdcfe3097c955dc8 HTTP/1.1" 500 52 "-" "PostmanRuntime/7.29.0"

info: ::1 - - [31/May/2022:14:49:24 +0000] "PUT /api/v1/notes/629628e1cdcfe3097c955dc8 HTTP/1.1" 200 240 "-" "PostmanRuntime/7.29.0"

info: ::1 - - [31/May/2022:14:49:56 +0000] "POST /api/v1/notes/629628e1cdcfe3097c955dc8 HTTP/1.1" 404 47 "-" "PostmanRuntime/7.29.0"

info: ::1 - - [31/May/2022:14:50:04 +0000] "POST /api/v1/notes HTTP/1.1" 200 265 "-" "PostmanRuntime/7.29.0"

info: ::1 - - [31/May/2022:14:50:38 +0000] "DELETE /api/v1/notes/62962b1cc46d0f59d8156969 HTTP/1.1" 200 59 "-" "PostmanRuntime/7.29.0"

