info: ::1 - - [02/Jun/2022:08:36:47 +0000] "GET /api/v1/users HTTP/1.1" 404 47 "-" "PostmanRuntime/7.29.0"

info: ::1 - - [02/Jun/2022:08:37:11 +0000] "GET /api/v1/notes HTTP/1.1" 200 630 "-" "PostmanRuntime/7.29.0"

info: ::1 - - [02/Jun/2022:08:38:21 +0000] "POST /api/v1/notes HTTP/1.1" 500 86 "-" "PostmanRuntime/7.29.0"

info: ::1 - - [02/Jun/2022:08:38:29 +0000] "POST /api/v1/notes HTTP/1.1" 500 92 "-" "PostmanRuntime/7.29.0"

info: ::1 - - [02/Jun/2022:08:38:35 +0000] "POST /api/v1/notes HTTP/1.1" 400 56 "-" "PostmanRuntime/7.29.0"

info: ::1 - - [02/Jun/2022:08:50:58 +0000] "POST /api/v1/notes HTTP/1.1" 400 56 "-" "PostmanRuntime/7.29.0"

info: ::1 - - [02/Jun/2022:09:07:09 +0000] "GET /api/v1/login HTTP/1.1" 404 47 "-" "PostmanRuntime/7.29.0"

info: ::1 - - [02/Jun/2022:09:07:24 +0000] "GET /api/v1/users/login HTTP/1.1" 200 262 "-" "PostmanRuntime/7.29.0"

info: ::1 - - [02/Jun/2022:11:32:52 +0000] "GET /api/v1/notes HTTP/1.1" 400 56 "-" "PostmanRuntime/7.29.0"

info: ::1 - - [02/Jun/2022:11:34:40 +0000] "GET /api/v1/users/login HTTP/1.1" 200 262 "-" "PostmanRuntime/7.29.0"

info: ::1 - - [02/Jun/2022:11:37:27 +0000] "GET /api/v1/users/login HTTP/1.1" 500 54 "-" "PostmanRuntime/7.29.0"

info: ::1 - - [02/Jun/2022:11:41:53 +0000] "GET /api/v1/users/login HTTP/1.1" 500 54 "-" "PostmanRuntime/7.29.0"

info: ::1 - - [02/Jun/2022:11:42:04 +0000] "POST /api/v1/users/login HTTP/1.1" 404 47 "-" "PostmanRuntime/7.29.0"

info: ::1 - - [02/Jun/2022:11:42:13 +0000] "POST /api/v1/users HTTP/1.1" 500 60 "-" "PostmanRuntime/7.29.0"

info: ::1 - - [02/Jun/2022:11:42:26 +0000] "POST /api/v1/notes HTTP/1.1" 200 276 "-" "PostmanRuntime/7.29.0"

info: ::1 - - [02/Jun/2022:11:44:28 +0000] "GET /api/v1/notes HTTP/1.1" 200 850 "-" "PostmanRuntime/7.29.0"

info: ::1 - - [02/Jun/2022:11:50:22 +0000] "GET /api/v1/notes/6298a2222c376a4ae8ee7843 HTTP/1.1" 200 273 "-" "PostmanRuntime/7.29.0"

info: ::1 - - [02/Jun/2022:11:50:52 +0000] "PUT /api/v1/notes/6298a2222c376a4ae8ee7843 HTTP/1.1" 200 276 "-" "PostmanRuntime/7.29.0"

info: ::1 - - [02/Jun/2022:11:51:07 +0000] "PUT /api/v1/notes/6298a2222c376a4ae8ee7843 HTTP/1.1" 200 276 "-" "PostmanRuntime/7.29.0"

info: ::1 - - [02/Jun/2022:11:51:56 +0000] "DELETE /api/v1/notes/6298a2222c376a4ae8ee7843 HTTP/1.1" 200 59 "-" "PostmanRuntime/7.29.0"

info: ::1 - - [02/Jun/2022:11:52:08 +0000] "GET /api/v1/notes HTTP/1.1" 200 630 "-" "PostmanRuntime/7.29.0"

info: ::1 - - [02/Jun/2022:11:53:09 +0000] "PUT /api/v1/notes/629628e1cdcfe3097c955dc8 HTTP/1.1" 200 277 "-" "PostmanRuntime/7.29.0"

info: ::1 - - [02/Jun/2022:12:25:20 +0000] "PUT /api/v1/notes/IsArchived HTTP/1.1" 500 143 "-" "PostmanRuntime/7.29.0"

info: ::1 - - [02/Jun/2022:12:26:49 +0000] "PUT /api/v1/notes/6296d1d9f028ba270c30f200 HTTP/1.1" 200 282 "-" "PostmanRuntime/7.29.0"

info: ::1 - - [02/Jun/2022:12:29:52 +0000] "PUT /api/v1/notes/isArchived/6296d1d9f028ba270c30f200 HTTP/1.1" 404 47 "-" "PostmanRuntime/7.29.0"

info: ::1 - - [02/Jun/2022:12:30:13 +0000] "PUT /api/v1/notes/isArchived HTTP/1.1" 500 143 "-" "PostmanRuntime/7.29.0"

info: ::1 - - [02/Jun/2022:13:50:47 +0000] "GET /api/v1/notes HTTP/1.1" 200 817 "-" "PostmanRuntime/7.29.0"

info: ::1 - - [02/Jun/2022:13:51:07 +0000] "POST /api/v1/notes HTTP/1.1" 200 321 "-" "PostmanRuntime/7.29.0"

info: ::1 - - [02/Jun/2022:16:11:11 +0000] "PUT /api/v1/notes/isArchived/6298c04b5473bb3190cbbe6a HTTP/1.1" 404 47 "-" "PostmanRuntime/7.29.0"

info: ::1 - - [02/Jun/2022:16:14:49 +0000] "PUT /api/v1/notes/isArchived/6298c04b5473bb3190cbbe6a HTTP/1.1" 404 47 "-" "PostmanRuntime/7.29.0"

info: ::1 - - [02/Jun/2022:16:15:50 +0000] "PUT /api/v1/notes/isArchived/6298c04b5473bb3190cbbe6a HTTP/1.1" 404 47 "-" "PostmanRuntime/7.29.0"

info: ::1 - - [02/Jun/2022:16:17:37 +0000] "PUT /api/v1/notes/isArchived/6298c04b5473bb3190cbbe6a HTTP/1.1" 404 47 "-" "PostmanRuntime/7.29.0"

info: ::1 - - [02/Jun/2022:16:18:22 +0000] "PUT /api/v1/notes/isArchived/6298c04b5473bb3190cbbe6a HTTP/1.1" 404 47 "-" "PostmanRuntime/7.29.0"

info: ::1 - - [02/Jun/2022:16:18:45 +0000] "PUT /api/v1/notes/isArchived/6298c04b5473bb3190cbbe6a HTTP/1.1" 404 47 "-" "PostmanRuntime/7.29.0"

info: ::1 - - [02/Jun/2022:16:21:04 +0000] "PUT /api/v1/notes/isArchived/6298c04b5473bb3190cbbe6a HTTP/1.1" 404 47 "-" "PostmanRuntime/7.29.0"

info: ::1 - - [02/Jun/2022:16:21:16 +0000] "PUT /api/v1/notes/isArchived/6298c04b5473bb3190cbbe6a HTTP/1.1" 404 47 "-" "PostmanRuntime/7.29.0"

info: ::1 - - [02/Jun/2022:16:28:06 +0000] "POST /api/v1/users/login HTTP/1.1" 404 47 "-" "PostmanRuntime/7.29.0"

info: ::1 - - [02/Jun/2022:16:28:14 +0000] "POST /api/v1/users HTTP/1.1" 201 329 "-" "PostmanRuntime/7.29.0"

info: ::1 - - [02/Jun/2022:16:28:28 +0000] "GET /api/v1/users/login HTTP/1.1" 200 262 "-" "PostmanRuntime/7.29.0"

info: ::1 - - [02/Jun/2022:16:29:14 +0000] "GET /api/v1/users HTTP/1.1" 404 47 "-" "PostmanRuntime/7.29.0"

info: ::1 - - [02/Jun/2022:16:29:22 +0000] "GET /api/v1/users HTTP/1.1" 404 47 "-" "PostmanRuntime/7.29.0"

info: ::1 - - [02/Jun/2022:16:29:56 +0000] "GET /api/v1/users HTTP/1.1" 404 47 "-" "PostmanRuntime/7.29.0"

info: ::1 - - [02/Jun/2022:16:30:21 +0000] "GET /api/v1/users/alldata HTTP/1.1" 200 4778 "-" "PostmanRuntime/7.29.0"

info: ::1 - - [02/Jun/2022:16:35:42 +0000] "GET /api/v1/notes HTTP/1.1" 200 968 "-" "PostmanRuntime/7.29.0"

info: ::1 - - [02/Jun/2022:16:36:20 +0000] "GET /api/v1/notes HTTP/1.1" 200 703 "-" "PostmanRuntime/7.29.0"

info: ::1 - - [02/Jun/2022:16:37:38 +0000] "PUT /api/v1/notes/6296d1d9f028ba270c30f200 HTTP/1.1" 200 288 "-" "PostmanRuntime/7.29.0"

