info: ::1 - - [27/May/2022:02:59:38 +0000] "GET /api/v1/users/getall HTTP/1.1" 404 47 "-" "PostmanRuntime/7.29.0"

info: ::1 - - [27/May/2022:02:59:55 +0000] "GET /api/v1/users/alldata HTTP/1.1" 200 3161 "-" "PostmanRuntime/7.29.0"

info: ::1 - - [27/May/2022:03:00:31 +0000] "GET /api/v1/users/login HTTP/1.1" 200 273 "-" "PostmanRuntime/7.29.0"

info: ::1 - - [27/May/2022:03:00:59 +0000] "POST /api/v1/users HTTP/1.1" 500 60 "-" "PostmanRuntime/7.29.0"

info: ::1 - - [27/May/2022:03:03:00 +0000] "GET /api/v1/users HTTP/1.1" 404 47 "-" "PostmanRuntime/7.29.0"

info: ::1 - - [27/May/2022:03:03:10 +0000] "GET /api/v1/users/login HTTP/1.1" 200 63 "-" "PostmanRuntime/7.29.0"

info: ::1 - - [27/May/2022:03:10:06 +0000] "POST /api/v1/users/login HTTP/1.1" 404 47 "-" "PostmanRuntime/7.29.0"

info: ::1 - - [27/May/2022:03:10:13 +0000] "POST /api/v1/users HTTP/1.1" 500 61 "-" "PostmanRuntime/7.29.0"

info: ::1 - - [27/May/2022:03:12:03 +0000] "POST /api/v1/users HTTP/1.1" 500 61 "-" "PostmanRuntime/7.29.0"

info: ::1 - - [27/May/2022:03:12:59 +0000] "POST /api/v1/users HTTP/1.1" 500 61 "-" "PostmanRuntime/7.29.0"

info: ::1 - - [27/May/2022:03:13:30 +0000] "POST /api/v1/users HTTP/1.1" 500 61 "-" "PostmanRuntime/7.29.0"

info: ::1 - - [27/May/2022:03:19:36 +0000] "POST /api/v1/ HTTP/1.1" 404 47 "-" "PostmanRuntime/7.29.0"

info: ::1 - - [27/May/2022:03:19:56 +0000] "POST /api/v1/users HTTP/1.1" 201 326 "-" "PostmanRuntime/7.29.0"

info: ::1 - - [27/May/2022:07:19:17 +0000] "POST /api/v1/users/login HTTP/1.1" 404 47 "-" "PostmanRuntime/7.29.0"

info: ::1 - - [27/May/2022:07:19:48 +0000] "GET /api/v1/users/login HTTP/1.1" 500 59 "-" "PostmanRuntime/7.29.0"

info: ::1 - - [27/May/2022:07:20:01 +0000] "GET /api/v1/users/login HTTP/1.1" 200 63 "-" "PostmanRuntime/7.29.0"

info: ::1 - - [27/May/2022:07:21:24 +0000] "GET /api/v1/users/login HTTP/1.1" 404 47 "-" "PostmanRuntime/7.29.0"

info: ::1 - - [27/May/2022:07:21:30 +0000] "GET /api/v1/users HTTP/1.1" 200 3430 "-" "PostmanRuntime/7.29.0"

info: ::1 - - [27/May/2022:07:22:09 +0000] "GET /api/v1/users/login HTTP/1.1" 200 63 "-" "PostmanRuntime/7.29.0"

info: ::1 - - [27/May/2022:07:34:20 +0000] "GET /api/v1/users/login HTTP/1.1" 200 63 "-" "PostmanRuntime/7.29.0"

info: ::1 - - [27/May/2022:07:34:38 +0000] "GET /api/v1/users/login HTTP/1.1" 200 63 "-" "PostmanRuntime/7.29.0"

info: ::1 - - [27/May/2022:07:35:33 +0000] "GET /api/v1/users/login HTTP/1.1" 200 63 "-" "PostmanRuntime/7.29.0"

info: ::1 - - [27/May/2022:07:37:26 +0000] "GET /api/v1/users/login HTTP/1.1" 200 63 "-" "PostmanRuntime/7.29.0"

info: ::1 - - [27/May/2022:07:50:23 +0000] "GET /api/v1/users/login HTTP/1.1" 200 63 "-" "PostmanRuntime/7.29.0"

info: ::1 - - [27/May/2022:07:50:25 +0000] "GET /api/v1/users/login HTTP/1.1" 200 63 "-" "PostmanRuntime/7.29.0"

info: ::1 - - [27/May/2022:07:51:08 +0000] "GET /api/v1/users/login HTTP/1.1" 200 63 "-" "PostmanRuntime/7.29.0"

info: ::1 - - [27/May/2022:07:51:16 +0000] "GET /api/v1/users/login HTTP/1.1" 200 63 "-" "PostmanRuntime/7.29.0"

info: ::1 - - [27/May/2022:07:53:33 +0000] "GET /api/v1/users/login HTTP/1.1" 500 59 "-" "PostmanRuntime/7.29.0"

info: ::1 - - [27/May/2022:07:53:47 +0000] "GET /api/v1/users/login HTTP/1.1" 200 63 "-" "PostmanRuntime/7.29.0"

